<?xml version="1.0" encoding="UTF-8"?>
<!-- Generated by org.testng.reporters.JUnitReportReporter -->
<testsuite hostname="Irene-PC" name="services.vea.VeaBot" tests="1" failures="0" timestamp="3 Apr 2015 13:29:00 GMT" time="8680.717" errors="0">
  <testcase name="run" time="8680.717" classname="services.vea.VeaBot"/>
</testsuite> <!-- services.vea.VeaBot -->
