<?xml version="1.0" encoding="UTF-8"?>
<!-- Generated by org.testng.reporters.JUnitReportReporter -->
<testsuite hostname="Irene-PC" name="services.disco.DiscoBot" tests="1" failures="0" timestamp="3 Apr 2015 02:16:49 GMT" time="9688.431" errors="0">
  <testcase name="run" time="9688.431" classname="services.disco.DiscoBot"/>
</testsuite> <!-- services.disco.DiscoBot -->
