<?xml version="1.0" encoding="UTF-8"?>
<!-- Generated by org.testng.reporters.JUnitReportReporter -->
<testsuite hostname="daniel-ThinkPad-E420" name="bots.disco.DiscoBot" tests="1" failures="0" timestamp="27 Apr 2015 21:07:30 GMT" time="770.020" errors="0">
  <testcase name="run" time="770.020" classname="bots.disco.DiscoBot"/>
</testsuite> <!-- bots.disco.DiscoBot -->
