<?xml version="1.0" encoding="UTF-8"?>
<!-- Generated by org.testng.reporters.JUnitReportReporter -->
<testsuite hostname="daniel-ThinkPad-E420" name="bots.disco.DiscoBot" tests="1" failures="0" timestamp="29 Apr 2015 05:02:56 GMT" time="19011.932" errors="0">
  <testcase name="run" time="19011.932" classname="bots.disco.DiscoBot"/>
</testsuite> <!-- bots.disco.DiscoBot -->
